<?xml version="1.0" encoding="UTF-8"?>
<testng-results skipped="0" failed="1" ignored="0" total="3" passed="2">
  <reporter-output>
  </reporter-output>
  <suite name="Suite" duration-ms="54867" started-at="2020-08-04T12:18:20 IST" finished-at="2020-08-04T12:19:15 IST">
    <groups>
    </groups>
    <test name="Test" duration-ms="54867" started-at="2020-08-04T12:18:20 IST" finished-at="2020-08-04T12:19:15 IST">
      <class name="com.MyTest.Package.LogInTest">
        <test-method status="PASS" signature="setUp(java.lang.String)[pri:0, instance:com.MyTest.Package.LogInTest@51cdd8a]" name="setUp" is-config="true" duration-ms="14968" started-at="2020-08-04T12:18:21 IST" finished-at="2020-08-04T12:18:36 IST">
          <params>
            <param index="0">
              <value>
                <![CDATA[chrome]]>
              </value>
            </param>
          </params>
          <reporter-output>
          </reporter-output>
        </test-method> <!-- setUp -->
        <test-method status="PASS" signature="verifyLogInPagetitleTest()[pri:1, instance:com.MyTest.Package.LogInTest@51cdd8a]" name="verifyLogInPagetitleTest" duration-ms="3254" started-at="2020-08-04T12:18:36 IST" finished-at="2020-08-04T12:18:39 IST">
          <reporter-output>
          </reporter-output>
        </test-method> <!-- verifyLogInPagetitleTest -->
        <test-method status="PASS" signature="tearDown()[pri:0, instance:com.MyTest.Package.LogInTest@51cdd8a]" name="tearDown" is-config="true" duration-ms="1864" started-at="2020-08-04T12:18:39 IST" finished-at="2020-08-04T12:18:41 IST">
          <reporter-output>
          </reporter-output>
        </test-method> <!-- tearDown -->
        <test-method status="PASS" signature="setUp(java.lang.String)[pri:0, instance:com.MyTest.Package.LogInTest@51cdd8a]" name="setUp" is-config="true" duration-ms="12370" started-at="2020-08-04T12:18:41 IST" finished-at="2020-08-04T12:18:53 IST">
          <params>
            <param index="0">
              <value>
                <![CDATA[chrome]]>
              </value>
            </param>
          </params>
          <reporter-output>
          </reporter-output>
        </test-method> <!-- setUp -->
        <test-method status="FAIL" signature="doLogInTest()[pri:2, instance:com.MyTest.Package.LogInTest@51cdd8a]" name="doLogInTest" duration-ms="3422" started-at="2020-08-04T12:18:53 IST" finished-at="2020-08-04T12:18:56 IST">
          <exception class="java.lang.NullPointerException">
            <full-stacktrace>
              <![CDATA[java.lang.NullPointerException
at pom.my.pages.BasePage.getElement(BasePage.java:42)
at pom.my.pages.BasePage.getPageHeader(BasePage.java:27)
at pom.my.pages.HomePage.getHomePageHeader(HomePage.java:35)
at com.MyTest.Package.LogInTest.doLogInTest(LogInTest.java:44)
at sun.reflect.NativeMethodAccessorImpl.invoke0(Native Method)
at sun.reflect.NativeMethodAccessorImpl.invoke(Unknown Source)
at sun.reflect.DelegatingMethodAccessorImpl.invoke(Unknown Source)
at java.lang.reflect.Method.invoke(Unknown Source)
at org.testng.internal.MethodInvocationHelper.invokeMethod(MethodInvocationHelper.java:133)
at org.testng.internal.TestInvoker.invokeMethod(TestInvoker.java:584)
at org.testng.internal.TestInvoker.invokeTestMethod(TestInvoker.java:172)
at org.testng.internal.MethodRunner.runInSequence(MethodRunner.java:46)
at org.testng.internal.TestInvoker$MethodInvocationAgent.invoke(TestInvoker.java:804)
at org.testng.internal.TestInvoker.invokeTestMethods(TestInvoker.java:145)
at org.testng.internal.TestMethodWorker.invokeTestMethods(TestMethodWorker.java:146)
at org.testng.internal.TestMethodWorker.run(TestMethodWorker.java:128)
at java.util.ArrayList.forEach(Unknown Source)
at org.testng.TestRunner.privateRun(TestRunner.java:770)
at org.testng.TestRunner.run(TestRunner.java:591)
at org.testng.SuiteRunner.runTest(SuiteRunner.java:402)
at org.testng.SuiteRunner.runSequentially(SuiteRunner.java:396)
at org.testng.SuiteRunner.privateRun(SuiteRunner.java:355)
at org.testng.SuiteRunner.run(SuiteRunner.java:304)
at org.testng.SuiteRunnerWorker.runSuite(SuiteRunnerWorker.java:53)
at org.testng.SuiteRunnerWorker.run(SuiteRunnerWorker.java:96)
at org.testng.TestNG.runSuitesSequentially(TestNG.java:1180)
at org.testng.TestNG.runSuitesLocally(TestNG.java:1102)
at org.testng.TestNG.runSuites(TestNG.java:1032)
at org.testng.TestNG.run(TestNG.java:1000)
at org.testng.remote.AbstractRemoteTestNG.run(AbstractRemoteTestNG.java:115)
at org.testng.remote.RemoteTestNG.initAndRun(RemoteTestNG.java:251)
at org.testng.remote.RemoteTestNG.main(RemoteTestNG.java:77)
]]>
            </full-stacktrace>
          </exception> <!-- java.lang.NullPointerException -->
          <reporter-output>
          </reporter-output>
        </test-method> <!-- doLogInTest -->
        <test-method status="PASS" signature="tearDown()[pri:0, instance:com.MyTest.Package.LogInTest@51cdd8a]" name="tearDown" is-config="true" duration-ms="1716" started-at="2020-08-04T12:18:56 IST" finished-at="2020-08-04T12:18:58 IST">
          <reporter-output>
          </reporter-output>
        </test-method> <!-- tearDown -->
        <test-method status="PASS" signature="setUp(java.lang.String)[pri:0, instance:com.MyTest.Package.LogInTest@51cdd8a]" name="setUp" is-config="true" duration-ms="12519" started-at="2020-08-04T12:18:58 IST" finished-at="2020-08-04T12:19:11 IST">
          <params>
            <param index="0">
              <value>
                <![CDATA[chrome]]>
              </value>
            </param>
          </params>
          <reporter-output>
          </reporter-output>
        </test-method> <!-- setUp -->
        <test-method status="PASS" signature="verifyLogInPageHeaderTest()[pri:2, instance:com.MyTest.Package.LogInTest@51cdd8a]" name="verifyLogInPageHeaderTest" duration-ms="2567" started-at="2020-08-04T12:19:11 IST" finished-at="2020-08-04T12:19:13 IST">
          <reporter-output>
          </reporter-output>
        </test-method> <!-- verifyLogInPageHeaderTest -->
        <test-method status="PASS" signature="tearDown()[pri:0, instance:com.MyTest.Package.LogInTest@51cdd8a]" name="tearDown" is-config="true" duration-ms="2008" started-at="2020-08-04T12:19:13 IST" finished-at="2020-08-04T12:19:15 IST">
          <reporter-output>
          </reporter-output>
        </test-method> <!-- tearDown -->
      </class> <!-- com.MyTest.Package.LogInTest -->
    </test> <!-- Test -->
  </suite> <!-- Suite -->
</testng-results>
