<?xml version="1.0" encoding="UTF-8"?>
<!-- Generated by org.testng.reporters.JUnitXMLReporter -->
<testsuite hostname="LTIN135783" ignored="0" name="Test" tests="3" failures="1" timestamp="2020-08-04T12:19:15 IST" time="54.867" errors="0">
  <testcase name="verifyLogInPagetitleTest" time="3.254" classname="com.MyTest.Package.LogInTest"/>
  <testcase name="doLogInTest" time="3.422" classname="com.MyTest.Package.LogInTest">
    <failure type="java.lang.NullPointerException">
      <![CDATA[java.lang.NullPointerException
at pom.my.pages.BasePage.getElement(BasePage.java:42)
at pom.my.pages.BasePage.getPageHeader(BasePage.java:27)
at pom.my.pages.HomePage.getHomePageHeader(HomePage.java:35)
at com.MyTest.Package.LogInTest.doLogInTest(LogInTest.java:44)
at java.util.ArrayList.forEach(Unknown Source)
... Removed 27 stack frames]]>
    </failure>
  </testcase> <!-- doLogInTest -->
  <testcase name="verifyLogInPageHeaderTest" time="2.567" classname="com.MyTest.Package.LogInTest"/>
</testsuite> <!-- Test -->
